# JRE version: Java(TM) SE Runtime Environment (8.0_144-b01) (build 1.8.0_144-b01)
# Java VM: Java HotSpot(TM) 64-Bit Server VM (25.144-b01 mixed mode windows-amd64 compressed oops)
Heap:
 PSYoungGen      total 115712K, used 16114K [0x00000000eb180000, 0x00000000f4180000, 0x0000000100000000)
  eden space 101376K, 1% used [0x00000000eb180000,0x00000000eb343f80,0x00000000f1480000)
  from space 14336K, 99% used [0x00000000f3380000,0x00000000f4178a00,0x00000000f4180000)
  to   space 18944K, 0% used [0x00000000f1c80000,0x00000000f1c80000,0x00000000f2f00000)
 ParOldGen       total 86528K, used 48457K [0x00000000c1400000, 0x00000000c6880000, 0x00000000eb180000)
  object space 86528K, 56% used [0x00000000c1400000,0x00000000c43526a0,0x00000000c6880000)
 Metaspace       used 29499K, capacity 30116K, committed 30336K, reserved 1075200K
  class space    used 3430K, capacity 3623K, committed 3712K, reserved 1048576K
GC Heap History (10 events):
Event: 28.834 GC heap before
{Heap before GC invocations=12 (full 1):
 PSYoungGen      total 92672K, used 92671K [0x00000000eb180000, 0x00000000f2600000, 0x0000000100000000)
  eden space 79872K, 100% used [0x00000000eb180000,0x00000000eff80000,0x00000000eff80000)
  from space 12800K, 99% used [0x00000000f1000000,0x00000000f1c7fe98,0x00000000f1c80000)
  to   space 16896K, 0% used [0x00000000eff80000,0x00000000eff80000,0x00000000f1000000)
 ParOldGen       total 39936K, used 20854K [0x00000000c1400000, 0x00000000c3b00000, 0x00000000eb180000)
  object space 39936K, 52% used [0x00000000c1400000,0x00000000c285d818,0x00000000c3b00000)
 Metaspace       used 29479K, capacity 30112K, committed 30336K, reserved 1075200K
  class space    used 3428K, capacity 3623K, committed 3712K, reserved 1048576K
Event: 28.864 GC heap after
Heap after GC invocations=12 (full 1):
 PSYoungGen      total 96768K, used 12729K [0x00000000eb180000, 0x00000000f4500000, 0x0000000100000000)
  eden space 79872K, 0% used [0x00000000eb180000,0x00000000eb180000,0x00000000eff80000)
  from space 16896K, 75% used [0x00000000eff80000,0x00000000f0bee718,0x00000000f1000000)
  to   space 17920K, 0% used [0x00000000f3380000,0x00000000f3380000,0x00000000f4500000)
 ParOldGen       total 39936K, used 33700K [0x00000000c1400000, 0x00000000c3b00000, 0x00000000eb180000)
  object space 39936K, 84% used [0x00000000c1400000,0x00000000c34e91c0,0x00000000c3b00000)
 Metaspace       used 29479K, capacity 30112K, committed 30336K, reserved 1075200K
  class space    used 3428K, capacity 3623K, committed 3712K, reserved 1048576K
}
Event: 28.864 GC heap before
{Heap before GC invocations=13 (full 2):
 PSYoungGen      total 96768K, used 12729K [0x00000000eb180000, 0x00000000f4500000, 0x0000000100000000)
  eden space 79872K, 0% used [0x00000000eb180000,0x00000000eb180000,0x00000000eff80000)
  from space 16896K, 75% used [0x00000000eff80000,0x00000000f0bee718,0x00000000f1000000)
  to   space 17920K, 0% used [0x00000000f3380000,0x00000000f3380000,0x00000000f4500000)
 ParOldGen       total 39936K, used 33700K [0x00000000c1400000, 0x00000000c3b00000, 0x00000000eb180000)
  object space 39936K, 84% used [0x00000000c1400000,0x00000000c34e91c0,0x00000000c3b00000)
 Metaspace       used 29479K, capacity 30112K, committed 30336K, reserved 1075200K
  class space    used 3428K, capacity 3623K, committed 3712K, reserved 1048576K
Event: 29.181 GC heap after
Heap after GC invocations=13 (full 2):
 PSYoungGen      total 96768K, used 1815K [0x00000000eb180000, 0x00000000f4500000, 0x0000000100000000)
  eden space 79872K, 0% used [0x00000000eb180000,0x00000000eb180000,0x00000000eff80000)
  from space 16896K, 10% used [0x00000000eff80000,0x00000000f0145fa0,0x00000000f1000000)
  to   space 17920K, 0% used [0x00000000f3380000,0x00000000f3380000,0x00000000f4500000)
 ParOldGen       total 86528K, used 39913K [0x00000000c1400000, 0x00000000c6880000, 0x00000000eb180000)
  object space 86528K, 46% used [0x00000000c1400000,0x00000000c3afa548,0x00000000c6880000)
 Metaspace       used 29479K, capacity 30112K, committed 30336K, reserved 1075200K
  class space    used 3428K, capacity 3623K, committed 3712K, reserved 1048576K
}
Event: 29.945 GC heap before
{Heap before GC invocations=14 (full 2):
 PSYoungGen      total 96768K, used 81687K [0x00000000eb180000, 0x00000000f4500000, 0x0000000100000000)
  eden space 79872K, 100% used [0x00000000eb180000,0x00000000eff80000,0x00000000eff80000)
  from space 16896K, 10% used [0x00000000eff80000,0x00000000f0145fa0,0x00000000f1000000)
  to   space 17920K, 0% used [0x00000000f3380000,0x00000000f3380000,0x00000000f4500000)
 ParOldGen       total 86528K, used 39913K [0x00000000c1400000, 0x00000000c6880000, 0x00000000eb180000)
  object space 86528K, 46% used [0x00000000c1400000,0x00000000c3afa548,0x00000000c6880000)
 Metaspace       used 29482K, capacity 30112K, committed 30336K, reserved 1075200K
  class space    used 3428K, capacity 3623K, committed 3712K, reserved 1048576K
Event: 29.977 GC heap after
Heap after GC invocations=14 (full 2):
 PSYoungGen      total 115712K, used 13849K [0x00000000eb180000, 0x00000000f4180000, 0x0000000100000000)
  eden space 101376K, 0% used [0x00000000eb180000,0x00000000eb180000,0x00000000f1480000)
  from space 14336K, 96% used [0x00000000f3380000,0x00000000f4106580,0x00000000f4180000)
  to   space 18944K, 0% used [0x00000000f1c80000,0x00000000f1c80000,0x00000000f2f00000)
 ParOldGen       total 86528K, used 39935K [0x00000000c1400000, 0x00000000c6880000, 0x00000000eb180000)
  object space 86528K, 46% used [0x00000000c1400000,0x00000000c3affdf0,0x00000000c6880000)
 Metaspace       used 29482K, capacity 30112K, committed 30336K, reserved 1075200K
  class space    used 3428K, capacity 3623K, committed 3712K, reserved 1048576K
}
Event: 31.331 GC heap before
{Heap before GC invocations=15 (full 2):
 PSYoungGen      total 115712K, used 115225K [0x00000000eb180000, 0x00000000f4180000, 0x0000000100000000)
  eden space 101376K, 100% used [0x00000000eb180000,0x00000000f1480000,0x00000000f1480000)
  from space 14336K, 96% used [0x00000000f3380000,0x00000000f4106580,0x00000000f4180000)
  to   space 18944K, 0% used [0x00000000f1c80000,0x00000000f1c80000,0x00000000f2f00000)
 ParOldGen       total 86528K, used 39935K [0x00000000c1400000, 0x00000000c6880000, 0x00000000eb180000)
  object space 86528K, 46% used [0x00000000c1400000,0x00000000c3affdf0,0x00000000c6880000)
 Metaspace       used 29495K, capacity 30116K, committed 30336K, reserved 1075200K
  class space    used 3430K, capacity 3623K, committed 3712K, reserved 1048576K
Event: 31.460 GC heap after
Heap after GC invocations=15 (full 2):
 PSYoungGen      total 120320K, used 18935K [0x00000000eb180000, 0x00000000f4180000, 0x0000000100000000)
  eden space 101376K, 0% used [0x00000000eb180000,0x00000000eb180000,0x00000000f1480000)
  from space 18944K, 99% used [0x00000000f1c80000,0x00000000f2efdff8,0x00000000f2f00000)
  to   space 14336K, 0% used [0x00000000f3380000,0x00000000f3380000,0x00000000f4180000)
 ParOldGen       total 86528K, used 41116K [0x00000000c1400000, 0x00000000c6880000, 0x00000000eb180000)
  object space 86528K, 47% used [0x00000000c1400000,0x00000000c3c27060,0x00000000c6880000)
 Metaspace       used 29495K, capacity 30116K, committed 30336K, reserved 1075200K
  class space    used 3430K, capacity 3623K, committed 3712K, reserved 1048576K
}
Event: 33.257 GC heap before
{Heap before GC invocations=16 (full 2):
 PSYoungGen      total 120320K, used 120311K [0x00000000eb180000, 0x00000000f4180000, 0x0000000100000000)
  eden space 101376K, 100% used [0x00000000eb180000,0x00000000f1480000,0x00000000f1480000)
  from space 18944K, 99% used [0x00000000f1c80000,0x00000000f2efdff8,0x00000000f2f00000)
  to   space 14336K, 0% used [0x00000000f3380000,0x00000000f3380000,0x00000000f4180000)
 ParOldGen       total 86528K, used 41116K [0x00000000c1400000, 0x00000000c6880000, 0x00000000eb180000)
  object space 86528K, 47% used [0x00000000c1400000,0x00000000c3c27060,0x00000000c6880000)
 Metaspace       used 29499K, capacity 30116K, committed 30336K, reserved 1075200K
  class space    used 3430K, capacity 3623K, committed 3712K, reserved 1048576K
Event: 33.323 GC heap after
Heap after GC invocations=16 (full 2):
 PSYoungGen      total 115712K, used 14306K [0x00000000eb180000, 0x00000000f4180000, 0x0000000100000000)
  eden space 101376K, 0% used [0x00000000eb180000,0x00000000eb180000,0x00000000f1480000)
  from space 14336K, 99% used [0x00000000f3380000,0x00000000f4178a00,0x00000000f4180000)
  to   space 18944K, 0% used [0x00000000f1c80000,0x00000000f1c80000,0x00000000f2f00000)
 ParOldGen       total 86528K, used 48457K [0x00000000c1400000, 0x00000000c6880000, 0x00000000eb180000)
  object space 86528K, 56% used [0x00000000c1400000,0x00000000c43526a0,0x00000000c6880000)
 Metaspace       used 29499K, capacity 30116K, committed 30336K, reserved 1075200K
  class space    used 3430K, capacity 3623K, committed 3712K, reserved 1048576K
}

