# JRE version: Java(TM) SE Runtime Environment (8.0_144-b01) (build 1.8.0_144-b01)
# Java VM: Java HotSpot(TM) 64-Bit Server VM (25.144-b01 mixed mode windows-amd64 compressed oops)
Heap:
 PSYoungGen      total 258048K, used 50290K [0x00000000eb180000, 0x0000000100000000, 0x0000000100000000)
  eden space 224768K, 9% used [0x00000000eb180000,0x00000000ec703de8,0x00000000f8d00000)
  from space 33280K, 84% used [0x00000000f8d00000,0x00000000fa898de8,0x00000000fad80000)
  to   space 36864K, 0% used [0x00000000fdc00000,0x00000000fdc00000,0x0000000100000000)
 ParOldGen       total 86016K, used 50041K [0x00000000c1400000, 0x00000000c6800000, 0x00000000eb180000)
  object space 86016K, 58% used [0x00000000c1400000,0x00000000c44de7d8,0x00000000c6800000)
 Metaspace       used 41284K, capacity 42000K, committed 42240K, reserved 1087488K
  class space    used 4863K, capacity 5084K, committed 5120K, reserved 1048576K
GC Heap History (10 events):
Event: 19.564 GC heap before
{Heap before GC invocations=11 (full 1):
 PSYoungGen      total 140288K, used 140264K [0x00000000eb180000, 0x00000000f8100000, 0x0000000100000000)
  eden space 129024K, 100% used [0x00000000eb180000,0x00000000f2f80000,0x00000000f2f80000)
  from space 11264K, 99% used [0x00000000f2f80000,0x00000000f3a7a2f0,0x00000000f3a80000)
  to   space 16896K, 0% used [0x00000000f7080000,0x00000000f7080000,0x00000000f8100000)
 ParOldGen       total 39424K, used 23214K [0x00000000c1400000, 0x00000000c3a80000, 0x00000000eb180000)
  object space 39424K, 58% used [0x00000000c1400000,0x00000000c2aab840,0x00000000c3a80000)
 Metaspace       used 29541K, capacity 30122K, committed 30336K, reserved 1075200K
  class space    used 3431K, capacity 3625K, committed 3712K, reserved 1048576K
Event: 19.598 GC heap after
Heap after GC invocations=11 (full 1):
 PSYoungGen      total 188416K, used 16868K [0x00000000eb180000, 0x00000000f9100000, 0x0000000100000000)
  eden space 171520K, 0% used [0x00000000eb180000,0x00000000eb180000,0x00000000f5900000)
  from space 16896K, 99% used [0x00000000f7080000,0x00000000f80f92a8,0x00000000f8100000)
  to   space 24064K, 0% used [0x00000000f5900000,0x00000000f5900000,0x00000000f7080000)
 ParOldGen       total 39424K, used 35456K [0x00000000c1400000, 0x00000000c3a80000, 0x00000000eb180000)
  object space 39424K, 89% used [0x00000000c1400000,0x00000000c36a0128,0x00000000c3a80000)
 Metaspace       used 29541K, capacity 30122K, committed 30336K, reserved 1075200K
  class space    used 3431K, capacity 3625K, committed 3712K, reserved 1048576K
}
Event: 19.599 GC heap before
{Heap before GC invocations=12 (full 2):
 PSYoungGen      total 188416K, used 16868K [0x00000000eb180000, 0x00000000f9100000, 0x0000000100000000)
  eden space 171520K, 0% used [0x00000000eb180000,0x00000000eb180000,0x00000000f5900000)
  from space 16896K, 99% used [0x00000000f7080000,0x00000000f80f92a8,0x00000000f8100000)
  to   space 24064K, 0% used [0x00000000f5900000,0x00000000f5900000,0x00000000f7080000)
 ParOldGen       total 39424K, used 35456K [0x00000000c1400000, 0x00000000c3a80000, 0x00000000eb180000)
  object space 39424K, 89% used [0x00000000c1400000,0x00000000c36a0128,0x00000000c3a80000)
 Metaspace       used 29541K, capacity 30122K, committed 30336K, reserved 1075200K
  class space    used 3431K, capacity 3625K, committed 3712K, reserved 1048576K
Event: 19.877 GC heap after
Heap after GC invocations=12 (full 2):
 PSYoungGen      total 188416K, used 4969K [0x00000000eb180000, 0x00000000f9100000, 0x0000000100000000)
  eden space 171520K, 0% used [0x00000000eb180000,0x00000000eb180000,0x00000000f5900000)
  from space 16896K, 29% used [0x00000000f7080000,0x00000000f755a5a0,0x00000000f8100000)
  to   space 24064K, 0% used [0x00000000f5900000,0x00000000f5900000,0x00000000f7080000)
 ParOldGen       total 86016K, used 39105K [0x00000000c1400000, 0x00000000c6800000, 0x00000000eb180000)
  object space 86016K, 45% used [0x00000000c1400000,0x00000000c3a307b8,0x00000000c6800000)
 Metaspace       used 29541K, capacity 30122K, committed 30336K, reserved 1075200K
  class space    used 3431K, capacity 3625K, committed 3712K, reserved 1048576K
}
Event: 20.973 GC heap before
{Heap before GC invocations=13 (full 2):
 PSYoungGen      total 188416K, used 176489K [0x00000000eb180000, 0x00000000f9100000, 0x0000000100000000)
  eden space 171520K, 100% used [0x00000000eb180000,0x00000000f5900000,0x00000000f5900000)
  from space 16896K, 29% used [0x00000000f7080000,0x00000000f755a5a0,0x00000000f8100000)
  to   space 24064K, 0% used [0x00000000f5900000,0x00000000f5900000,0x00000000f7080000)
 ParOldGen       total 86016K, used 39105K [0x00000000c1400000, 0x00000000c6800000, 0x00000000eb180000)
  object space 86016K, 45% used [0x00000000c1400000,0x00000000c3a307b8,0x00000000c6800000)
 Metaspace       used 29543K, capacity 30122K, committed 30336K, reserved 1075200K
  class space    used 3431K, capacity 3625K, committed 3712K, reserved 1048576K
Event: 21.074 GC heap after
Heap after GC invocations=13 (full 2):
 PSYoungGen      total 195584K, used 24051K [0x00000000eb180000, 0x00000000fca80000, 0x0000000100000000)
  eden space 171520K, 0% used [0x00000000eb180000,0x00000000eb180000,0x00000000f5900000)
  from space 24064K, 99% used [0x00000000f5900000,0x00000000f707cea8,0x00000000f7080000)
  to   space 29696K, 0% used [0x00000000fad80000,0x00000000fad80000,0x00000000fca80000)
 ParOldGen       total 86016K, used 43754K [0x00000000c1400000, 0x00000000c6800000, 0x00000000eb180000)
  object space 86016K, 50% used [0x00000000c1400000,0x00000000c3eba830,0x00000000c6800000)
 Metaspace       used 29543K, capacity 30122K, committed 30336K, reserved 1075200K
  class space    used 3431K, capacity 3625K, committed 3712K, reserved 1048576K
}
Event: 22.055 GC heap before
{Heap before GC invocations=14 (full 2):
 PSYoungGen      total 195584K, used 195571K [0x00000000eb180000, 0x00000000fca80000, 0x0000000100000000)
  eden space 171520K, 100% used [0x00000000eb180000,0x00000000f5900000,0x00000000f5900000)
  from space 24064K, 99% used [0x00000000f5900000,0x00000000f707cea8,0x00000000f7080000)
  to   space 29696K, 0% used [0x00000000fad80000,0x00000000fad80000,0x00000000fca80000)
 ParOldGen       total 86016K, used 43754K [0x00000000c1400000, 0x00000000c6800000, 0x00000000eb180000)
  object space 86016K, 50% used [0x00000000c1400000,0x00000000c3eba830,0x00000000c6800000)
 Metaspace       used 29556K, capacity 30186K, committed 30336K, reserved 1075200K
  class space    used 3433K, capacity 3625K, committed 3712K, reserved 1048576K
Event: 22.154 GC heap after
Heap after GC invocations=14 (full 2):
 PSYoungGen      total 254464K, used 26884K [0x00000000eb180000, 0x00000000fdb00000, 0x0000000100000000)
  eden space 224768K, 0% used [0x00000000eb180000,0x00000000eb180000,0x00000000f8d00000)
  from space 29696K, 90% used [0x00000000fad80000,0x00000000fc7c1350,0x00000000fca80000)
  to   space 33280K, 0% used [0x00000000f8d00000,0x00000000f8d00000,0x00000000fad80000)
 ParOldGen       total 86016K, used 47856K [0x00000000c1400000, 0x00000000c6800000, 0x00000000eb180000)
  object space 86016K, 55% used [0x00000000c1400000,0x00000000c42bc308,0x00000000c6800000)
 Metaspace       used 29556K, capacity 30186K, committed 30336K, reserved 1075200K
  class space    used 3433K, capacity 3625K, committed 3712K, reserved 1048576K
}
Event: 26.319 GC heap before
{Heap before GC invocations=15 (full 2):
 PSYoungGen      total 254464K, used 251652K [0x00000000eb180000, 0x00000000fdb00000, 0x0000000100000000)
  eden space 224768K, 100% used [0x00000000eb180000,0x00000000f8d00000,0x00000000f8d00000)
  from space 29696K, 90% used [0x00000000fad80000,0x00000000fc7c1350,0x00000000fca80000)
  to   space 33280K, 0% used [0x00000000f8d00000,0x00000000f8d00000,0x00000000fad80000)
 ParOldGen       total 86016K, used 47856K [0x00000000c1400000, 0x00000000c6800000, 0x00000000eb180000)
  object space 86016K, 55% used [0x00000000c1400000,0x00000000c42bc308,0x00000000c6800000)
 Metaspace       used 39402K, capacity 40036K, committed 40448K, reserved 1085440K
  class space    used 4612K, capacity 4794K, committed 4864K, reserved 1048576K
Event: 27.410 GC heap after
Heap after GC invocations=15 (full 2):
 PSYoungGen      total 258048K, used 28259K [0x00000000eb180000, 0x0000000100000000, 0x0000000100000000)
  eden space 224768K, 0% used [0x00000000eb180000,0x00000000eb180000,0x00000000f8d00000)
  from space 33280K, 84% used [0x00000000f8d00000,0x00000000fa898de8,0x00000000fad80000)
  to   space 36864K, 0% used [0x00000000fdc00000,0x00000000fdc00000,0x0000000100000000)
 ParOldGen       total 86016K, used 50041K [0x00000000c1400000, 0x00000000c6800000, 0x00000000eb180000)
  object space 86016K, 58% used [0x00000000c1400000,0x00000000c44de7d8,0x00000000c6800000)
 Metaspace       used 39402K, capacity 40036K, committed 40448K, reserved 1085440K
  class space    used 4612K, capacity 4794K, committed 4864K, reserved 1048576K
}

